applogic init
Listening on port 3003
Selenium: true
Xvfb: true 31729
Xvfb: Dimensions { width: 1920, height: 1080, depth: 24 }
Display at: 99
socket.publishDoc { docId: '425bc50c336b8e61b5138365b3f267102bed9667' }
applogic.publishDoc: sync data { docId: '425bc50c336b8e61b5138365b3f267102bed9667' }
Server has disconnected
Todo handle running rendering
Server has disconnected
Todo handle running rendering
socket.publishDoc { docId: '425bc50c336b8e61b5138365b3f267102bed9667' }
applogic.publishDoc: sync data { docId: '425bc50c336b8e61b5138365b3f267102bed9667' }
socket.publishDoc { docId: '425bc50c336b8e61b5138365b3f267102bed9667' }
applogic.publishDoc: sync data { docId: '425bc50c336b8e61b5138365b3f267102bed9667' }
socket.publishDoc { docId: '425bc50c336b8e61b5138365b3f267102bed9667' }
applogic.publishDoc: sync data { docId: '425bc50c336b8e61b5138365b3f267102bed9667' }
socket.publishDoc { docId: '425bc50c336b8e61b5138365b3f267102bed9667' }
applogic.publishDoc: sync data { docId: '425bc50c336b8e61b5138365b3f267102bed9667' }
socket.publishDoc { docId: '425bc50c336b8e61b5138365b3f267102bed9667' }
applogic.publishDoc: sync data { docId: '425bc50c336b8e61b5138365b3f267102bed9667' }
socket.publishDoc { docId: '425bc50c336b8e61b5138365b3f267102bed9667' }
applogic.publishDoc: sync data { docId: '425bc50c336b8e61b5138365b3f267102bed9667' }
socket.publishDoc { docId: '425bc50c336b8e61b5138365b3f267102bed9667' }
applogic.publishDoc: sync data { docId: '425bc50c336b8e61b5138365b3f267102bed9667' }
socket.publishDoc { docId: 'b8514c03fa2a8e7a77bd0e17e2efa80543bacde9' }
applogic.publishDoc: sync data { docId: 'b8514c03fa2a8e7a77bd0e17e2efa80543bacde9' }
Server has disconnected
Todo handle running rendering
socket.publishDoc { docId: '425bc50c336b8e61b5138365b3f267102bed9667' }
applogic.publishDoc: sync data { docId: '425bc50c336b8e61b5138365b3f267102bed9667' }
socket.publishDoc { docId: '425bc50c336b8e61b5138365b3f267102bed9667' }
applogic.publishDoc: sync data { docId: '425bc50c336b8e61b5138365b3f267102bed9667' }
socket.publishDoc { docId: '425bc50c336b8e61b5138365b3f267102bed9667' }
applogic.publishDoc: sync data { docId: '425bc50c336b8e61b5138365b3f267102bed9667' }
socket.publishDoc { docId: '425bc50c336b8e61b5138365b3f267102bed9667' }
applogic.publishDoc: sync data { docId: '425bc50c336b8e61b5138365b3f267102bed9667' }
socket.publishDoc { docId: '425bc50c336b8e61b5138365b3f267102bed9667' }
applogic.publishDoc: sync data { docId: '425bc50c336b8e61b5138365b3f267102bed9667' }
socket.publishDoc { docId: '425bc50c336b8e61b5138365b3f267102bed9667' }
applogic.publishDoc: sync data { docId: '425bc50c336b8e61b5138365b3f267102bed9667' }
socket.publishDoc { docId: '425bc50c336b8e61b5138365b3f267102bed9667' }
applogic.publishDoc: sync data { docId: '425bc50c336b8e61b5138365b3f267102bed9667' }
socket.publishDoc { docId: 'e2728800d782491dee6623f8011761e7c520cc55' }
applogic.publishDoc: sync data { docId: 'e2728800d782491dee6623f8011761e7c520cc55' }
socket.publishDoc { docId: 'e2728800d782491dee6623f8011761e7c520cc55' }
applogic.publishDoc: sync data { docId: 'e2728800d782491dee6623f8011761e7c520cc55' }
socket.publishDoc { docId: 'e2728800d782491dee6623f8011761e7c520cc55' }
applogic.publishDoc: sync data { docId: 'e2728800d782491dee6623f8011761e7c520cc55' }
socket.publishDoc { docId: 'e2728800d782491dee6623f8011761e7c520cc55' }
applogic.publishDoc: sync data { docId: 'e2728800d782491dee6623f8011761e7c520cc55' }
socket.publishDoc { docId: 'e2728800d782491dee6623f8011761e7c520cc55' }
applogic.publishDoc: sync data { docId: 'e2728800d782491dee6623f8011761e7c520cc55' }
socket.publishDoc { docId: 'e2728800d782491dee6623f8011761e7c520cc55' }
applogic.publishDoc: sync data { docId: 'e2728800d782491dee6623f8011761e7c520cc55' }
socket.publishDoc { docId: 'e2728800d782491dee6623f8011761e7c520cc55' }
applogic.publishDoc: sync data { docId: 'e2728800d782491dee6623f8011761e7c520cc55' }
socket.publishDoc { docId: 'e2728800d782491dee6623f8011761e7c520cc55' }
applogic.publishDoc: sync data { docId: 'e2728800d782491dee6623f8011761e7c520cc55' }
socket.publishDoc { docId: 'e2728800d782491dee6623f8011761e7c520cc55' }
applogic.publishDoc: sync data { docId: 'e2728800d782491dee6623f8011761e7c520cc55' }
socket.publishDoc { docId: 'e2728800d782491dee6623f8011761e7c520cc55' }
applogic.publishDoc: sync data { docId: 'e2728800d782491dee6623f8011761e7c520cc55' }
socket.publishDoc { docId: '5a0d696c0fee491c445a5ca9679c31c15873e530' }
applogic.publishDoc: sync data { docId: '5a0d696c0fee491c445a5ca9679c31c15873e530' }
socket.publishDoc { docId: '425bc50c336b8e61b5138365b3f267102bed9667' }
applogic.publishDoc: sync data { docId: '425bc50c336b8e61b5138365b3f267102bed9667' }
Server has disconnected
Todo handle running rendering
Server has disconnected
Todo handle running rendering
socket.publishDoc { docId: '425bc50c336b8e61b5138365b3f267102bed9667' }
applogic.publishDoc: sync data { docId: '425bc50c336b8e61b5138365b3f267102bed9667' }
socket.publishDoc { docId: '425bc50c336b8e61b5138365b3f267102bed9667' }
applogic.publishDoc: sync data { docId: '425bc50c336b8e61b5138365b3f267102bed9667' }
Server has disconnected
Todo handle running rendering
Server has disconnected
Todo handle running rendering
socket.publishDoc { docId: '425bc50c336b8e61b5138365b3f267102bed9667' }
applogic.publishDoc: sync data { docId: '425bc50c336b8e61b5138365b3f267102bed9667' }
Server has disconnected
Todo handle running rendering
Server has disconnected
Todo handle running rendering
Server has disconnected
Todo handle running rendering
Server has disconnected
Todo handle running rendering
socket.publishDoc { docId: '425bc50c336b8e61b5138365b3f267102bed9667' }
applogic.publishDoc: sync data { docId: '425bc50c336b8e61b5138365b3f267102bed9667' }
Server has disconnected
Todo handle running rendering
socket.publishDoc { docId: 'b8514c03fa2a8e7a77bd0e17e2efa80543bacde9' }
applogic.publishDoc: sync data { docId: 'b8514c03fa2a8e7a77bd0e17e2efa80543bacde9' }
Server has disconnected
Todo handle running rendering
Server has disconnected
Todo handle running rendering
Server has disconnected
Todo handle running rendering
socket.publishDoc { docId: '425bc50c336b8e61b5138365b3f267102bed9667' }
applogic.publishDoc: sync data { docId: '425bc50c336b8e61b5138365b3f267102bed9667' }
Server has disconnected
Todo handle running rendering
Server has disconnected
Todo handle running rendering
Server has disconnected
Todo handle running rendering
Server has disconnected
Todo handle running rendering
Server has disconnected
Todo handle running rendering
Server has disconnected
Todo handle running rendering
Server has disconnected
Todo handle running rendering
Server has disconnected
Todo handle running rendering
Server has disconnected
Todo handle running rendering
Server has disconnected
Todo handle running rendering
Server has disconnected
Todo handle running rendering
Server has disconnected
Todo handle running rendering
Server has disconnected
Todo handle running rendering
Server has disconnected
Todo handle running rendering
Server has disconnected
Todo handle running rendering
socket.publishDoc { docId: '425bc50c336b8e61b5138365b3f267102bed9667' }
applogic.publishDoc: sync data { docId: '425bc50c336b8e61b5138365b3f267102bed9667' }
Server has disconnected
Todo handle running rendering
Server has disconnected
Todo handle running rendering
Server has disconnected
Todo handle running rendering
Server has disconnected
Todo handle running rendering
Server has disconnected
Todo handle running rendering
Server has disconnected
Todo handle running rendering
Server has disconnected
Todo handle running rendering
Server has disconnected
Todo handle running rendering
Server has disconnected
Todo handle running rendering
Server has disconnected
Todo handle running rendering
Server has disconnected
Todo handle running rendering
Server has disconnected
Todo handle running rendering
app.socket.renderImageRequest
applogic.renderImageRequest
XXXXXXXXXXXXXXXXXXXXXXXXXXX
datastore.getDocRequest
not found OR overwrite by request
new doc created Response {
  ok: true,
  id: 'f4a7e6e2567107a950d86d74af9eea8b41904090',
  rev: '1-21fc3602156f0f70a06c0527bc525c63' }
applogic.datastore.newDocCreated
datastore.saveRendersourceRequest
applogic.datastore.saveRendersourceComplete
applogic.datastore.renderImageRequest
http://set on server/c/twr/f4a7e6e2567107a950d86d74af9eea8b41904090/rendersource.html
open 1
open 2
windows size: { height: 1079, width: 1919 }
pagestate complete
resize to 320
/opt/twitter_renderer/server/renderyt/node_modules/selenium-webdriver/lib/promise.js:654
    throw error;
    ^

JavascriptError: javascript error: Cannot read property 'style' of null
JavaScript stack:
TypeError: Cannot read property 'style' of null
    at eval (eval at executeAsyncScript (unknown source), <anonymous>:2:107)
    at eval (eval at executeAsyncScript (unknown source), <anonymous>:2:195)
    at executeAsyncScript (<anonymous>:314:26)
    at <anonymous>:330:29
    at callFunction (<anonymous>:222:33)
    at <anonymous>:232:23
    at <anonymous>:233:3
    at Object.InjectedScript._evaluateOn (<anonymous>:145:167)
    at Object.InjectedScript._evaluateAndWrap (<anonymous>:137:25)
    at Object.InjectedScript.evaluate (<anonymous>:118:14)
  (Session info: chrome=50.0.2661.102)
  (Driver info: chromedriver=2.12.301324 (de8ab311bc9374d0ade71f7c167bad61848c7c48),platform=Linux 3.13.0-86-generic x86_64)
    at WebDriverError (/opt/twitter_renderer/server/renderyt/node_modules/selenium-webdriver/lib/error.js:26:26)
    at JavascriptError (/opt/twitter_renderer/server/renderyt/node_modules/selenium-webdriver/lib/error.js:191:26)
    at Object.checkLegacyResponse (/opt/twitter_renderer/server/renderyt/node_modules/selenium-webdriver/lib/error.js:639:15)
    at parseHttpResponse (/opt/twitter_renderer/server/renderyt/node_modules/selenium-webdriver/http/index.js:528:13)
    at /opt/twitter_renderer/server/renderyt/node_modules/selenium-webdriver/http/index.js:466:11
    at ManagedPromise.invokeCallback_ (/opt/twitter_renderer/server/renderyt/node_modules/selenium-webdriver/lib/promise.js:1343:14)
    at TaskQueue.execute_ (/opt/twitter_renderer/server/renderyt/node_modules/selenium-webdriver/lib/promise.js:2868:14)
    at TaskQueue.executeNext_ (/opt/twitter_renderer/server/renderyt/node_modules/selenium-webdriver/lib/promise.js:2851:21)
    at /opt/twitter_renderer/server/renderyt/node_modules/selenium-webdriver/lib/promise.js:2775:25
    at /opt/twitter_renderer/server/renderyt/node_modules/selenium-webdriver/lib/promise.js:639:7
From: Task: WebDriver.executeScript()
    at Driver.schedule (/opt/twitter_renderer/server/renderyt/node_modules/selenium-webdriver/lib/webdriver.js:386:17)
    at Driver.executeAsyncScript (/opt/twitter_renderer/server/renderyt/node_modules/selenium-webdriver/lib/webdriver.js:616:17)
    at /opt/twitter_renderer/server/renderyt/renderyt.js:226:28
    at ManagedPromise.invokeCallback_ (/opt/twitter_renderer/server/renderyt/node_modules/selenium-webdriver/lib/promise.js:1343:14)
    at TaskQueue.execute_ (/opt/twitter_renderer/server/renderyt/node_modules/selenium-webdriver/lib/promise.js:2868:14)
    at TaskQueue.executeNext_ (/opt/twitter_renderer/server/renderyt/node_modules/selenium-webdriver/lib/promise.js:2851:21)
    at /opt/twitter_renderer/server/renderyt/node_modules/selenium-webdriver/lib/promise.js:2730:27
    at /opt/twitter_renderer/server/renderyt/node_modules/selenium-webdriver/lib/promise.js:639:7
    at process._tickCallback (internal/process/next_tick.js:103:7)
